<?xml version="1.0" encoding="UTF-8"?>
<testng-results ignored="0" total="1" passed="1" failed="0" skipped="0">
  <reporter-output>
  </reporter-output>
  <suite started-at="2025-05-16T17:43:50 IST" name="Default suite" finished-at="2025-05-16T17:43:57 IST" duration-ms="7159">
    <groups>
    </groups>
    <test started-at="2025-05-16T17:43:50 IST" name="Default test" finished-at="2025-05-16T17:43:57 IST" duration-ms="7159">
      <class name="adAdvancedInteraction.ActionsTest">
        <test-method is-config="true" signature="setUp()[pri:0, instance:adAdvancedInteraction.ActionsTest@8297b3a]" started-at="2025-05-16T17:43:50 IST" name="setUp" finished-at="2025-05-16T17:43:53 IST" duration-ms="2752" status="PASS">
          <reporter-output>
          </reporter-output>
        </test-method> <!-- setUp -->
        <test-method signature="testMouseClick()[pri:0, instance:adAdvancedInteraction.ActionsTest@8297b3a]" started-at="2025-05-16T17:43:53 IST" name="testMouseClick" finished-at="2025-05-16T17:43:57 IST" duration-ms="4099" status="PASS">
          <reporter-output>
          </reporter-output>
        </test-method> <!-- testMouseClick -->
        <test-method is-config="true" signature="tearDown()[pri:0, instance:adAdvancedInteraction.ActionsTest@8297b3a]" started-at="2025-05-16T17:43:57 IST" name="tearDown" finished-at="2025-05-16T17:43:57 IST" duration-ms="257" status="PASS">
          <reporter-output>
          </reporter-output>
        </test-method> <!-- tearDown -->
        <test-method is-config="true" signature="afterClassCleanUp()[pri:0, instance:adAdvancedInteraction.ActionsTest@8297b3a]" started-at="2025-05-16T17:43:57 IST" name="afterClassCleanUp" finished-at="2025-05-16T17:43:57 IST" duration-ms="1" status="PASS">
          <reporter-output>
          </reporter-output>
        </test-method> <!-- afterClassCleanUp -->
      </class> <!-- adAdvancedInteraction.ActionsTest -->
    </test> <!-- Default test -->
  </suite> <!-- Default suite -->
</testng-results>
