<?xml version="1.0" encoding="UTF-8"?>
<testng-results ignored="0" total="1" passed="1" failed="0" skipped="0">
  <reporter-output>
  </reporter-output>
  <suite started-at="2025-05-21T13:10:28 IST" name="Default suite" finished-at="2025-05-21T13:10:38 IST" duration-ms="10481">
    <groups>
    </groups>
    <test started-at="2025-05-21T13:10:28 IST" name="Default test" finished-at="2025-05-21T13:10:38 IST" duration-ms="10481">
      <class name="com.example.tests.GoogleSearchTest">
        <test-method is-config="true" signature="setUp()[pri:0, instance:com.example.tests.GoogleSearchTest@30c15d8b]" started-at="2025-05-21T13:10:28 IST" name="setUp" finished-at="2025-05-21T13:10:34 IST" duration-ms="6825" status="PASS">
          <reporter-output>
          </reporter-output>
        </test-method> <!-- setUp -->
        <test-method signature="searchTest()[pri:0, instance:com.example.tests.GoogleSearchTest@30c15d8b]" started-at="2025-05-21T13:10:34 IST" name="searchTest" finished-at="2025-05-21T13:10:38 IST" duration-ms="3291" status="PASS">
          <reporter-output>
          </reporter-output>
        </test-method> <!-- searchTest -->
        <test-method is-config="true" signature="tearDown()[pri:0, instance:com.example.tests.GoogleSearchTest@30c15d8b]" started-at="2025-05-21T13:10:38 IST" name="tearDown" finished-at="2025-05-21T13:10:38 IST" duration-ms="306" status="PASS">
          <reporter-output>
          </reporter-output>
        </test-method> <!-- tearDown -->
      </class> <!-- com.example.tests.GoogleSearchTest -->
    </test> <!-- Default test -->
  </suite> <!-- Default suite -->
</testng-results>
