<?xml version="1.0" encoding="UTF-8"?>
<testng-results ignored="0" total="1" passed="1" failed="0" skipped="0">
  <reporter-output>
  </reporter-output>
  <suite started-at="2024-08-30T11:13:14 IST" name="Default suite" finished-at="2024-08-30T11:13:24 IST" duration-ms="10348">
    <groups>
    </groups>
    <test started-at="2024-08-30T11:13:14 IST" name="Default test" finished-at="2024-08-30T11:13:24 IST" duration-ms="10348">
      <class name="com.example.tests.GoogleSearchTest">
        <test-method is-config="true" signature="setUp()[pri:0, instance:com.example.tests.GoogleSearchTest@1530c739]" started-at="2024-08-30T11:13:14 IST" name="setUp" finished-at="2024-08-30T11:13:20 IST" duration-ms="6641" status="PASS">
          <reporter-output>
          </reporter-output>
        </test-method> <!-- setUp -->
        <test-method signature="searchTest()[pri:0, instance:com.example.tests.GoogleSearchTest@1530c739]" started-at="2024-08-30T11:13:20 IST" name="searchTest" finished-at="2024-08-30T11:13:24 IST" duration-ms="3391" status="PASS">
          <reporter-output>
          </reporter-output>
        </test-method> <!-- searchTest -->
        <test-method is-config="true" signature="tearDown()[pri:0, instance:com.example.tests.GoogleSearchTest@1530c739]" started-at="2024-08-30T11:13:24 IST" name="tearDown" finished-at="2024-08-30T11:13:24 IST" duration-ms="273" status="PASS">
          <reporter-output>
          </reporter-output>
        </test-method> <!-- tearDown -->
      </class> <!-- com.example.tests.GoogleSearchTest -->
    </test> <!-- Default test -->
  </suite> <!-- Default suite -->
</testng-results>
