<?xml version="1.0" encoding="UTF-8"?>
<testng-results ignored="0" total="1" passed="1" failed="0" skipped="0">
  <reporter-output>
  </reporter-output>
  <suite started-at="2025-01-10T10:33:48 IST" name="Default suite" finished-at="2025-01-10T10:33:55 IST" duration-ms="7633">
    <groups>
    </groups>
    <test started-at="2025-01-10T10:33:48 IST" name="Default test" finished-at="2025-01-10T10:33:55 IST" duration-ms="7633">
      <class name="com.example.automation.SampleTest">
        <test-method is-config="true" signature="setup()[pri:0, instance:com.example.automation.SampleTest@5e2c3d18]" started-at="2025-01-10T10:33:48 IST" name="setup" finished-at="2025-01-10T10:33:53 IST" duration-ms="5208" status="PASS">
          <reporter-output>
          </reporter-output>
        </test-method> <!-- setup -->
        <test-method signature="openGoogle()[pri:0, instance:com.example.automation.SampleTest@5e2c3d18]" started-at="2025-01-10T10:33:53 IST" name="openGoogle" finished-at="2025-01-10T10:33:55 IST" duration-ms="1999" status="PASS">
          <reporter-output>
          </reporter-output>
        </test-method> <!-- openGoogle -->
        <test-method is-config="true" signature="teardown()[pri:0, instance:com.example.automation.SampleTest@5e2c3d18]" started-at="2025-01-10T10:33:55 IST" name="teardown" finished-at="2025-01-10T10:33:55 IST" duration-ms="351" status="PASS">
          <reporter-output>
          </reporter-output>
        </test-method> <!-- teardown -->
      </class> <!-- com.example.automation.SampleTest -->
    </test> <!-- Default test -->
  </suite> <!-- Default suite -->
</testng-results>
