<?xml version="1.0" encoding="UTF-8"?>
<testng-results ignored="0" total="1" passed="1" failed="0" skipped="0">
  <reporter-output>
  </reporter-output>
  <suite started-at="2025-06-11T11:02:03 IST" name="Default suite" finished-at="2025-06-11T11:02:06 IST" duration-ms="3035">
    <groups>
    </groups>
    <test started-at="2025-06-11T11:02:03 IST" name="Default test" finished-at="2025-06-11T11:02:06 IST" duration-ms="3035">
      <class name="com.example.LoginTest">
        <test-method is-config="true" signature="setUp()[pri:0, instance:com.example.LoginTest@4f83df68]" started-at="2025-06-11T11:02:03 IST" name="setUp" finished-at="2025-06-11T11:02:05 IST" duration-ms="1828" status="PASS">
          <reporter-output>
          </reporter-output>
        </test-method> <!-- setUp -->
        <test-method signature="testLogin()[pri:0, instance:com.example.LoginTest@4f83df68]" started-at="2025-06-11T11:02:05 IST" name="testLogin" finished-at="2025-06-11T11:02:06 IST" duration-ms="905" status="PASS">
          <reporter-output>
          </reporter-output>
        </test-method> <!-- testLogin -->
        <test-method is-config="true" signature="tearDown()[pri:0, instance:com.example.LoginTest@4f83df68]" started-at="2025-06-11T11:02:06 IST" name="tearDown" finished-at="2025-06-11T11:02:06 IST" duration-ms="267" status="PASS">
          <reporter-output>
          </reporter-output>
        </test-method> <!-- tearDown -->
      </class> <!-- com.example.LoginTest -->
    </test> <!-- Default test -->
  </suite> <!-- Default suite -->
</testng-results>
