<?xml version="1.0" encoding="UTF-8"?>
<!-- Generated by org.testng.reporters.JUnitXMLReporter -->
<testsuite ignored="0" hostname="GFG19667-LAPTOP" failures="0" tests="3" name="Default test" time="41.141" errors="0" timestamp="2024-09-02T10:34:36 IST">
  <testcase classname="com.example.tests.SessionHandlingTest" name="testSessionHandling" time="13.837"/>
  <testcase classname="com.example.tests.SessionHandlingTest" name="testSessionHandlingGoogle" time="9.59"/>
  <testcase classname="com.example.tests.SessionHandlingTest" name="testSessionHandlingTutorialsPoint" time="17.635"/>
</testsuite> <!-- Default test -->
