<?xml version="1.0" encoding="UTF-8"?>
<testng-results ignored="0" total="1" passed="1" failed="0" skipped="0">
  <reporter-output>
  </reporter-output>
  <suite started-at="2025-02-06T11:54:09 IST" name="Default suite" finished-at="2025-02-06T11:54:12 IST" duration-ms="2833">
    <groups>
    </groups>
    <test started-at="2025-02-06T11:54:09 IST" name="Default test" finished-at="2025-02-06T11:54:12 IST" duration-ms="2833">
      <class name="BasicApiTest">
        <test-method signature="testGetRequest()[pri:0, instance:BasicApiTest@4d9e68d0]" started-at="2025-02-06T11:54:09 IST" name="testGetRequest" finished-at="2025-02-06T11:54:12 IST" duration-ms="2760" status="PASS">
          <reporter-output>
          </reporter-output>
        </test-method> <!-- testGetRequest -->
      </class> <!-- BasicApiTest -->
    </test> <!-- Default test -->
  </suite> <!-- Default suite -->
</testng-results>
