<?xml version="1.0" encoding="UTF-8"?>
<!-- Generated by org.testng.reporters.JUnitXMLReporter -->
<testsuite ignored="0" hostname="GFG19667-LAPTOP" failures="0" tests="2" name="Saucedemo Login Tests" time="3.718" errors="0" timestamp="2025-06-23T11:49:34 IST">
  <testcase classname="sauceDemoRegression.LoginTest" name="loginWithInvalidCredentials" time="0.821"/>
  <testcase classname="sauceDemoRegression.LoginTest" name="loginWithValidCredentials" time="0.382"/>
</testsuite> <!-- Saucedemo Login Tests -->
